 ##################################################################################
 # INFO.    [fnlo-tk-cppread] Program to read fastNLO tables and derive
 # INFO.    [fnlo-tk-cppread] QCD cross sections using PDFs e.g. from LHAPDF
 #---------------------------------------------------------------------------------
 # INFO.    [fnlo-tk-cppread] For more explanations type:
 # INFO.    [fnlo-tk-cppread] ./fnlo-tk-cppread -h
 ##################################################################################

 ##################################################################################
 # [fnlo-tk-cppread] fastNLO Cross-Section Calculator
 #---------------------------------------------------------------------------------
 # [fnlo-tk-cppread] Evaluating table: fnl1014_I902309_2-2.tab
 # [fnlo-tk-cppread] No PDF set given, taking CT10nlo instead!
 # [fnlo-tk-cppread] No request given for PDF or scale variations,
 #             investigating primary scale only.
 # [fnlo-tk-cppread] No request given for alpha_s evolution code,
 #             using GRV default.
 # [fnlo-tk-cppread] Preparing unnormalized cross sections,
 ##################################################################################

 ##################################################################################
 #
 # [0;31mfast[0;34mNLO[0m_toolkit
 # Version 2.3.1pre_2279M
 #
 # C++ program and toolkit to read and create fastNLO v2 tables and
 # derive QCD cross sections using PDFs, e.g. from LHAPDF
 #
 #---------------------------------------------------------------------------------
 #
 # Copyright © 2005-2016 [0;31mfast[0;34mNLO[0m Collaboration
 # D. Britzger, T. Kluge, K. Rabbertz, F. Stober, G. Sieber, M. Wobisch
 #
 # This program is free software: you can redistribute it and/or modify
 # it under the terms of the GNU General Public License as published by
 # the Free Software Foundation, either version 3 of the License, or
 # (at your option) any later version.
 #
 # This program is distributed in the hope that it will be useful,
 # but WITHOUT ANY WARRANTY; without even the implied warranty of
 # MERCHANTABILITY or FITNESS FOR A PARTICULAR PURPOSE. See the
 # GNU General Public License for more details.
 #
 # You should have received a copy of the GNU General Public License
 # along with this program. If not, see <http://www.gnu.org/licenses/>.
 #
 #---------------------------------------------------------------------------------
 #
 # The projects web page can be found at:
 #   http://projects.hepforge.org/fastnlo
 #
 # If you use this code, please cite:
 #   T. Kluge, K. Rabbertz, M. Wobisch, hep-ph/0609285
 #   D. Britzger, T. Kluge, K. Rabbertz, F. Stober, M. Wobisch, arXiv:1109.1310
 #
 ##################################################################################

 ##################################################################################
 # Overview on contribution types and numbers contained in table: fnl1014_I902309_2-2.tab
 #---------------------------------------------------------------------------------
 # Total number of contributions:  5
 #   No.: 1, type: Fixed order calculation       , Id: 0, order: LO                  , by: NLOJet++_4.1.3
 #   No.: 2, type: Fixed order calculation       , Id: 1, order: NLO                 , by: NLOJet++_4.1.3
 #   No.: 3, type: Threshold corrections         , Id: 0, order: THC_2-loop          , by: Owens/Wobisch
 #   No.: 4, type: Non-perturbative corrections  , Id: 0, order: NP Correction       , by: Pythia6 D6T & Herwig++ 2.3
 #   No.: 5, type: Data                          , Id: 0, order: CMS Inclusive Jets D, by: CMS Collaboration, arXiv:1106.0208, Phys. Rev. Lett. 107, 132001 (2011).
 ##################################################################################

 ##################################################################################
 # Information on table header
 #---------------------------------------------------------------------------------
 #===================== fastNLO Table: Header ====================
 # Table version (Itabversion)         20000
 # Scenario name (ScenName)            fnl1014
 # Theory contributions (Ncontrib)     4
 # Data contribution 0/1 (Ndata)       1
 ##################################################################################

 ##################################################################################
 # Information on fastNLO scenario: fnl1014
 #---------------------------------------------------------------------------------
 #===================== fastNLO Table: Scenario ====================
 # Scenario description (ScDescript)
 #   0	d2sigma-jet_dpTdy_[pb_GeV]
 #   1	CMS_Collaboration
 #   2	Inclusive_Jet_pT
 #   3	anti-kT_R=0.5
 #   4	CMS-PAPER-QCD-10-011, arXiv:1106.0208, Phys. Rev. Lett. 107, 132001 (2011).
 #   5	RIVET_ID=CMS_2011_S9086218/D01-x01-y01,SPIRES_ID=9086218,INSPIRE_RECORD=902309
 #   6	THEORY_LABEL=NLOJet++
 #   7	provided by:
 #   8	fastNLO_2.1.0
 #   9	If you use this table, please cite:
 #   10	  D. Britzger, T. Kluge, K. Rabbertz, F. Stober, M. Wobisch, arXiv:1109.1310
 #
 # Publ. x section (10^-Ipublunits b)  12
 # Centre-of-mass energy (Ecms/GeV)     7000
 # Power in a_s of LO process (ILOord) 2
 # No. of observable bins (NObsBin)    4
 # Dim. of observable binning (NDim)   2
 #
 # Dimension labels (DimLabel)
 #   0	|y|
 #   1	pT_[GeV]
 # Differential dimension (IDiffBin)
 #   0	2
 #   1	2
 #
 # Total no. of contributions (theory + optional data) in this table: 5
 ##################################################################################

 ##################################################################################
 # Information on table contribution no. 0: LO
 #---------------------------------------------------------------------------------
 #===================== fastNLO Table: CoeffBase ====================
 # Contribution description (CtrbDescript)
 #   0	LO
 # Code description (CodeDescript)
 #   0	NLOJet++_4.1.3
 #   1	Z. Nagy, Phys. Rev. Lett. 88, 122003 (2002),
 #   2	Z. Nagy, Phys. Rev. D68, 094002 (2003).
 #===================== fastNLO Table: CoeffAddBase ====================
 # No. of events (Nevt)                30000000000.000000
 # Abs. order in a_s (Npow)            2
 # No. of hadrons involved (NPDF)      2
 # Type(s) of hadrons (NPDFPDG)
 #   0	2212
 #   1	2212
 # PDF storage format (NPDFDim)        1
 #   --> x-interpolation storage format: Half-Matrix
 # Observable bin no. 1
 #   No. of X1 nodes (XNode1[i].size())          15
 # Observable bin no. 4
 #   No. of X1 nodes (XNode1[i].size())          15
 # No. of scales involved (NScales)    2
 # Scale descriptions (ScaleDescript)
 #   0	pT_jet_[GeV]
 #===================== fastNLO Table: CoeffAddFix ====================
 # No. of scale variations (Nscalevar) 1
 # Scale factors (ScaleFac[0][])
 #   0	1
 # No. of scale nodes (Nscalenode)     6
 ##################################################################################

 ##################################################################################
 # Information on table contribution no. 1: NLO
 #---------------------------------------------------------------------------------
 #===================== fastNLO Table: CoeffBase ====================
 # Contribution description (CtrbDescript)
 #   0	NLO
 # Code description (CodeDescript)
 #   0	NLOJet++_4.1.3
 #   1	Z. Nagy, Phys. Rev. Lett. 88, 122003 (2002),
 #   2	Z. Nagy, Phys. Rev. D68, 094002 (2003).
 #===================== fastNLO Table: CoeffAddBase ====================
 # No. of events (Nevt)                32300000000.000000
 # Abs. order in a_s (Npow)            3
 # No. of hadrons involved (NPDF)      2
 # Type(s) of hadrons (NPDFPDG)
 #   0	2212
 #   1	2212
 # PDF storage format (NPDFDim)        1
 #   --> x-interpolation storage format: Half-Matrix
 # Observable bin no. 1
 #   No. of X1 nodes (XNode1[i].size())          15
 # Observable bin no. 4
 #   No. of X1 nodes (XNode1[i].size())          15
 # No. of scales involved (NScales)    2
 # Scale descriptions (ScaleDescript)
 #   0	pT_jet_[GeV]
 #===================== fastNLO Table: CoeffAddFix ====================
 # No. of scale variations (Nscalevar) 4
 # Scale factors (ScaleFac[0][])
 #   0	1
 #   1	2
 #   2	0.5
 #   3	0.25
 # No. of scale nodes (Nscalenode)     6
 ##################################################################################

 ##################################################################################
 # Information on table contribution no. 2: THC_2-loop
 #---------------------------------------------------------------------------------
 #===================== fastNLO Table: CoeffBase ====================
 # Contribution description (CtrbDescript)
 #   0	THC_2-loop
 # Code description (CodeDescript)
 #   0	Owens/Wobisch
 #   1	2-loop threshold corrections for the inclusive jet
 #   2	cross section in pp and ppbar according to:
 #   3	N. Kidonakis, J.F. Owens, Phys. Rev. D63, 054019 (2001).
 #===================== fastNLO Table: CoeffAddBase ====================
 # No. of events (Nevt)                270336000.000000
 # Abs. order in a_s (Npow)            4
 # No. of hadrons involved (NPDF)      2
 # Type(s) of hadrons (NPDFPDG)
 #   0	2212
 #   1	2212
 # PDF storage format (NPDFDim)        1
 #   --> x-interpolation storage format: Half-Matrix
 # Observable bin no. 1
 #   No. of X1 nodes (XNode1[i].size())          15
 # Observable bin no. 4
 #   No. of X1 nodes (XNode1[i].size())          15
 # No. of scales involved (NScales)    2
 # Scale descriptions (ScaleDescript)
 #   0	pT_jet_[GeV]
 #===================== fastNLO Table: CoeffAddFix ====================
 # No. of scale variations (Nscalevar) 1
 # Scale factors (ScaleFac[0][])
 #   0	1
 # No. of scale nodes (Nscalenode)     6
 ##################################################################################

 ##################################################################################
 # Information on table contribution no. 3: NP Correction
 #---------------------------------------------------------------------------------
 #===================== fastNLO Table: CoeffBase ====================
 # Contribution description (CtrbDescript)
 #   0	NP Correction
 # Code description (CodeDescript)
 #   0	Pythia6 D6T & Herwig++ 2.3
 #   1	T. Sjöstrand, S. Mrenna, P. Skands, JHEP 05, 026 (2006),
 #   2	R. Field, Acta Phys. Polon. B39, 2611 (2008),
 #   3	M. Bähr et al., Eur. Phys. J. C58, 639 (2008),
 #   4	CMS Collaboration, arXiv:1106.0208, Phys. Rev. Lett. 107, 132001 (2011).
 #===================== fastNLO Table: CoeffMult ====================
 # Minimal correction factor (fact[])  1.320000
 # Maximal correction factor (fact[])  1.400000
 # No. of uncorr. unc. (Nuncorrel)     0
 # No. of corr. unc. (Ncorrel)         1
 # Corr. uncertainties (CorDescr)
 #   0	Half-difference of Pythia6 D6T & Herwig++ 2.3
 ##################################################################################

 ##################################################################################
 # Information on table contribution no. 4: CMS Inclusive Jets Data
 #---------------------------------------------------------------------------------
 #===================== fastNLO Table: CoeffBase ====================
 # Contribution description (CtrbDescript)
 #   0	CMS Inclusive Jets Data
 # Code description (CodeDescript)
 #   0	CMS Collaboration, arXiv:1106.0208, Phys. Rev. Lett. 107, 132001 (2011).
 #===================== fastNLO Table: CoeffData ====================
 # No. of uncorr. unc. (Nuncorrel)     1
 # Uncorr. uncertainties (UncDescr)
 #   0	Statistical uncertainty
 # No. of corr. unc. (Ncorrel)         1
 # Corr. uncertainties (CorDescr)
 #   0	Total systematic uncertainty
 ##################################################################################
LHAPDF 6.1.6 loading /home/rabbertz/local/share/LHAPDF/CT10nlo/CT10nlo_0000.dat
CT10nlo PDF set, member #0, version 4; LHAPDF ID = 11000
LHAPDF 6.1.6 loading /home/rabbertz/local/share/LHAPDF/CT10nlo/CT10nlo_0000.dat
CT10nlo PDF set, member #0, version 4; LHAPDF ID = 11000

 ##################################################################################
 # [ALPHAS-GRV] First call:
 ##################################################################################
 # [ALPHAS-GRV] PI              =  3.141592653589793
 # [ALPHAS-GRV] M_Z/GeV         = 91.187600
 # [ALPHAS-GRV] a_s(M_Z)        =  0.118400
 # [ALPHAS-GRV] a_s loop        =  2
 # [ALPHAS-GRV] flavor-matching =    F
 # [ALPHAS-GRV] nf (M_Z)        =  5
 ##################################################################################

 ##################################################################################################################################################################
 # [fnlo-tk-cppread] Calculate my cross sections
 ##################################################################################################################################################################
 #=================================================================================================================================================================
 # My Cross Sections
 # The scale factors xmur, xmuf chosen here are:      1.000,      1.000
 #-----------------------------------------------------------------------------------------------------------------------------------------------------------------
 #IObs  Bin Size IODimO  [ |y|               ]  IODimI  [ pT_[GeV]          ]  <pT_jet_[GeV]>  LO cross section   NLO cross section   KNLO      KTHC2     KNPC1
 #-----------------------------------------------------------------------------------------------------------------------------------------------------------------
     1  3.000         1   0.000       0.5000         1   18.00       21.00      19.34          1.57424823765E+07  1.66133036344E+07   1.05532   1.39677   1.40000
     2  3.000         1   0.000       0.5000         2   21.00       24.00      22.37          8.41757435537E+06  8.89303402062E+06   1.05648   1.36135   1.38000
     3  3.000         2   0.5000      1.000          1   18.00       21.00      19.32          1.52853894360E+07  1.62912651864E+07   1.06581   1.41083   1.40000
     4  3.000         2   0.5000      1.000          2   21.00       24.00      22.35          8.15894117390E+06  8.65472736080E+06   1.06077   1.38662   1.32000
