 ##################################################################################
 # Special info on statistical fluctuations:
 #---------------------------------------------------------------------------------
 # No. of filenames skipped:    998
 # No. of filenames analyzed:     3
 ##################################################################################
 =================================================================================================================================
 #IBIN #IMIN #IMAX         <s>           s_min           s_max       ds/<s>/% ds_min/<s>/% ds_max/<s>/%     ds_min/ds    ds_max/ds
 ---------------------------------------------------------------------------------------------------------------------------------
     1     1     2     8.01593e+05     8.01410e+05     8.01821e+05     0.015       -0.023        0.029       -1.069        1.336
     2     1     2     2.57832e+05     2.57772e+05     2.57871e+05     0.012       -0.024        0.015       -1.398        0.884
     3     1     2     6.90359e+04     6.90309e+04     6.90421e+04     0.005       -0.007        0.009       -1.067        1.337
     4     0     1     1.82106e+04     1.82090e+04     1.82131e+04     0.007       -0.009        0.014       -0.882        1.398
     5     2     0     4.45821e+03     4.45716e+03     4.45909e+03     0.013       -0.024        0.020       -1.321        1.097
     6     1     0     9.87107e+02     9.86986e+02     9.87314e+02     0.011       -0.012        0.021       -0.827        1.407
     7     2     1     1.84078e+02     1.84039e+02     1.84136e+02     0.016       -0.021        0.031       -0.934        1.387
     8     2     0     2.83497e+01     2.83468e+01     2.83548e+01     0.009       -0.010        0.018       -0.822        1.408
     9     1     0     3.04896e+00     3.04878e+00     3.04928e+00     0.005       -0.006        0.011       -0.799        1.410
 ##################################################################################
 # fnlo-tk-statunc: Evaluating uncertainties
 ##################################################################################
 #=================================================================================
 # Relative Statistical Uncertainties
 #---------------------------------------------------------------------------------
 # bin      cross section           lower uncertainty       upper uncertainty
 #---------------------------------------------------------------------------------
    1       8.01592840236E+05      -1.50893932747E-04       1.50893932747E-04
    2       2.57832436144E+05      -1.19157110976E-04       1.19157110976E-04
    3       6.90358759335E+04      -4.78717475807E-05       4.78717475807E-05
    4       1.82106011329E+04      -6.97352258793E-05       6.97352258793E-05
    5       4.45821398772E+03      -1.26248874012E-04       1.26248874012E-04
    6       9.87107172940E+02      -1.05188828936E-04       1.05188828936E-04
    7       1.84078315439E+02      -1.59591336380E-04       1.59591336380E-04
    8       2.83497384445E+01      -8.90068444559E-05       8.90068444559E-05
    9       3.04895884924E+00      -5.30297402284E-05       5.30297402284E-05
 #---------------------------------------------------------------------------------
