 ##################################################################################
 # Special info on statistical fluctuations:
 #---------------------------------------------------------------------------------
 # No. of filenames skipped:    998
 # No. of filenames analyzed:     3
 ##################################################################################
 =================================================================================================================================
 #IBIN #IMIN #IMAX         <s>           s_min           s_max       ds/<s>/% ds_min/<s>/% ds_max/<s>/%     ds_min/ds    ds_max/ds
 ---------------------------------------------------------------------------------------------------------------------------------
     1   100   101     8.09747e+05     8.01593e+05     8.22862e+05     0.818       -1.007        1.620       -0.871        1.400
     2   101   100     2.51514e+05     2.44499e+05     2.57832e+05     1.537       -2.789        2.512       -1.283        1.156
     3   100   101     6.91227e+04     6.90359e+04     6.92675e+04     0.105       -0.126        0.209       -0.843        1.405
     4   102   101     1.81863e+04     1.80689e+04     1.82795e+04     0.341       -0.646        0.512       -1.339        1.063
     5   101   102     4.45232e+03     4.40444e+03     4.49430e+03     0.586       -1.075        0.943       -1.297        1.137
     6   102   100     9.80388e+02     9.70331e+02     9.87107e+02     0.522       -1.026        0.685       -1.388        0.928
     7   101   102     1.85065e+02     1.83723e+02     1.87395e+02     0.632       -0.725        1.259       -0.812        1.409
     8   101   100     2.82383e+01     2.81395e+01     2.83497e+01     0.216       -0.350        0.395       -1.145        1.291
     9   102   100     3.04175e+00     3.02872e+00     3.04896e+00     0.215       -0.428        0.237       -1.412        0.781
 ##################################################################################
 # fnlo-tk-statunc: Evaluating uncertainties
 ##################################################################################
 #=================================================================================
 # Relative Statistical Uncertainties
 #---------------------------------------------------------------------------------
 # bin      cross section           lower uncertainty       upper uncertainty
 #- - - - - - - - - - - - - - - - - - - - - - - - - - - - - - - - - - - - - - - - -
    1       8.09746517361E+05      -8.17808102264E-03       8.17808102264E-03
    2       2.51514173302E+05      -1.53654282706E-02       1.53654282706E-02
    3       6.91227317135E+04      -1.05434381826E-03       1.05434381826E-03
    4       1.81863410722E+04      -3.40903038434E-03       3.40903038434E-03
    5       4.45231711034E+03      -5.86417806153E-03       5.86417806153E-03
    6       9.80387599615E+02      -5.22483249683E-03       5.22483249683E-03
    7       1.85065344888E+02      -6.31792468326E-03       6.31792468326E-03
    8       2.82383223412E+01      -2.16054202482E-03       2.16054202482E-03
    9       3.04174546319E+00      -2.14582701968E-03       2.14582701968E-03
 #- - - - - - - - - - - - - - - - - - - - - - - - - - - - - - - - - - - - - - - - -
